TN:
SF:/Users/holmes/nfts/aurei-final/aurei-contracts/contracts/MutantAureliusAurei.sol
FN:40,constructor
FN:67,mint
FN:82,mintFavorite
FN:102,_mintAureiWithChecks
FN:130,_mintOwnerManaged
FN:148,_beforeTokenTransfer
FN:171,_baseURI
FN:176,tokenURI
FN:188,getIndexedAureiCount
FN:192,getContractIsPaused
FN:196,getIssuedMementoCount
FN:201,isOnShitlist
FN:206,isOnExtendedOwnerList
FN:211,getTotalAureiMinted
FN:217,owner
FN:222,totalSupply
FN:230,ownerOnlyACL
FN:236,extendedOwnerOnlyACL
FN:243,updateExtendedOwnerList
FN:248,updateOwner
FN:253,ownerSetPausedState
FN:258,ownerSetAllowlistActive
FN:263,ownerSetBaseTokenURI
FN:268,ownerAddToShitlist
FN:273,ownerRemoveFromShitlist
FN:278,ownerAddToAllowlist
FN:283,ownerRemoveFromAllowlist
FN:289,ownerWithdrawContractBalance
FN:303,ownerUpdateWalletLimit
FN:312,ownerSetNewTokenOwner
FN:333,_isOwnerManaged
FNF:31
FNH:26
FNDA:132,constructor
FNDA:906,mint
FNDA:16,mintFavorite
FNDA:911,_mintAureiWithChecks
FNDA:132,_mintOwnerManaged
FNDA:1993,_beforeTokenTransfer
FNDA:15,_baseURI
FNDA:10,tokenURI
FNDA:2715,getIndexedAureiCount
FNDA:1,getContractIsPaused
FNDA:8,getIssuedMementoCount
FNDA:1,isOnShitlist
FNDA:0,isOnExtendedOwnerList
FNDA:917,getTotalAureiMinted
FNDA:2,owner
FNDA:1,totalSupply
FNDA:108,ownerOnlyACL
FNDA:19,extendedOwnerOnlyACL
FNDA:5,updateExtendedOwnerList
FNDA:2,updateOwner
FNDA:38,ownerSetPausedState
FNDA:38,ownerSetAllowlistActive
FNDA:3,ownerSetBaseTokenURI
FNDA:0,ownerAddToShitlist
FNDA:0,ownerRemoveFromShitlist
FNDA:12,ownerAddToAllowlist
FNDA:0,ownerRemoveFromAllowlist
FNDA:0,ownerWithdrawContractBalance
FNDA:3,ownerUpdateWalletLimit
FNDA:17,ownerSetNewTokenOwner
FNDA:2008,_isOwnerManaged
DA:43,132
DA:44,132
DA:47,132
DA:48,132
DA:49,132
DA:52,132
DA:53,132
DA:55,132
DA:56,132
DA:59,132
DA:62,132
DA:70,906
DA:73,904
DA:74,103
DA:78,901
DA:84,16
DA:87,16
DA:90,14
DA:93,13
DA:96,13
DA:98,10
DA:105,911
DA:108,910
DA:111,907
DA:115,906
DA:116,905
DA:120,906
DA:121,906
DA:122,896
DA:124,10
DA:132,132
DA:135,132
DA:136,924
DA:137,924
DA:138,924
DA:141,132
DA:142,132
DA:151,1993
DA:154,1993
DA:157,1991
DA:158,1074
DA:161,1990
DA:172,15
DA:177,10
DA:179,10
DA:180,5
DA:182,5
DA:184,0
DA:189,2715
DA:193,1
DA:197,8
DA:202,1
DA:207,0
DA:212,917
DA:218,2
DA:223,1
DA:231,108
DA:232,101
DA:238,19
DA:239,17
DA:244,5
DA:249,2
DA:254,38
DA:259,38
DA:264,3
DA:269,0
DA:274,0
DA:279,12
DA:284,0
DA:291,0
DA:292,0
DA:295,0
DA:298,0
DA:304,3
DA:315,17
DA:318,17
DA:321,17
DA:323,8
DA:324,8
DA:329,17
DA:335,2008
DA:336,1091
LF:82
LH:73
BRDA:70,1,0,904
BRDA:70,1,1,2
BRDA:73,2,0,103
BRDA:73,2,1,801
BRDA:74,3,0,100
BRDA:74,3,1,3
BRDA:84,4,0,16
BRDA:84,4,1,0
BRDA:87,5,0,14
BRDA:87,5,1,2
BRDA:90,6,0,13
BRDA:90,6,1,1
BRDA:93,7,0,13
BRDA:93,7,1,0
BRDA:96,8,0,10
BRDA:96,8,1,3
BRDA:105,9,0,910
BRDA:105,9,1,1
BRDA:108,10,0,907
BRDA:108,10,1,3
BRDA:111,11,0,906
BRDA:111,11,1,1
BRDA:121,12,0,896
BRDA:121,12,1,10
BRDA:132,13,0,132
BRDA:132,13,1,0
BRDA:151,14,0,1993
BRDA:151,14,1,0
BRDA:154,15,0,1991
BRDA:154,15,1,2
BRDA:157,16,0,1074
BRDA:157,16,1,917
BRDA:158,17,0,1073
BRDA:158,17,1,1
BRDA:177,18,0,10
BRDA:177,18,1,0
BRDA:179,19,0,5
BRDA:179,19,1,5
BRDA:181,20,0,5
BRDA:181,20,1,0
BRDA:182,21,0,5
BRDA:182,21,1,0
BRDA:184,22,0,0
BRDA:184,22,1,0
BRDA:231,23,0,101
BRDA:231,23,1,7
BRDA:238,24,0,17
BRDA:238,24,1,2
BRDA:243,25,0,5
BRDA:243,25,1,0
BRDA:248,26,0,2
BRDA:248,26,1,0
BRDA:253,27,0,38
BRDA:253,27,1,2
BRDA:258,28,0,38
BRDA:258,28,1,0
BRDA:263,29,0,3
BRDA:263,29,1,4
BRDA:268,30,0,0
BRDA:268,30,1,0
BRDA:273,31,0,0
BRDA:273,31,1,0
BRDA:278,32,0,12
BRDA:278,32,1,0
BRDA:283,33,0,0
BRDA:283,33,1,0
BRDA:289,34,0,0
BRDA:289,34,1,1
BRDA:292,35,0,0
BRDA:292,35,1,0
BRDA:298,36,0,0
BRDA:298,36,1,0
BRDA:303,37,0,3
BRDA:303,37,1,0
BRDA:312,38,0,17
BRDA:312,38,1,2
BRDA:315,39,0,17
BRDA:315,39,1,0
BRDA:321,40,0,8
BRDA:321,40,1,9
BRDA:335,41,0,1091
BRDA:335,41,1,917
BRDA:335,42,0,959
BRDA:335,42,1,132
BRF:84
BRH:58
end_of_record
