TN:
SF:/Users/holmes/nfts/aurei-final/aurei-contracts/contracts/MutantAureliusAurei.sol
FN:52,constructor
FN:79,mint
FN:94,mintFavorite
FN:114,_mintAureiWithChecks
FN:142,_mintOwnerManaged
FN:160,_beforeTokenTransfer
FN:183,_baseURI
FN:188,tokenURI
FN:200,getIndexedAureiCount
FN:204,getContractIsPaused
FN:208,getIssuedMementoCount
FN:213,isOnShitlist
FN:218,isOnExtendedOwnerList
FN:223,getTotalAureiMinted
FN:229,owner
FN:234,totalSupply
FN:242,ownerOnlyACL
FN:248,extendedOwnerOnlyACL
FN:255,updateExtendedOwnerList
FN:260,updateOwner
FN:265,ownerSetPausedState
FN:270,ownerSetAllowlistActive
FN:275,ownerSetBaseTokenURI
FN:280,ownerAddToShitlist
FN:285,ownerRemoveFromShitlist
FN:290,ownerAddToAllowlist
FN:295,ownerRemoveFromAllowlist
FN:301,ownerWithdrawContractBalance
FN:315,ownerUpdateWalletLimit
FN:324,ownerSetNewTokenOwner
FN:345,_isOwnerManaged
FNF:31
FNH:26
FNDA:132,constructor
FNDA:906,mint
FNDA:16,mintFavorite
FNDA:911,_mintAureiWithChecks
FNDA:132,_mintOwnerManaged
FNDA:1993,_beforeTokenTransfer
FNDA:15,_baseURI
FNDA:10,tokenURI
FNDA:2715,getIndexedAureiCount
FNDA:1,getContractIsPaused
FNDA:8,getIssuedMementoCount
FNDA:1,isOnShitlist
FNDA:0,isOnExtendedOwnerList
FNDA:917,getTotalAureiMinted
FNDA:2,owner
FNDA:1,totalSupply
FNDA:108,ownerOnlyACL
FNDA:19,extendedOwnerOnlyACL
FNDA:5,updateExtendedOwnerList
FNDA:2,updateOwner
FNDA:38,ownerSetPausedState
FNDA:38,ownerSetAllowlistActive
FNDA:3,ownerSetBaseTokenURI
FNDA:0,ownerAddToShitlist
FNDA:0,ownerRemoveFromShitlist
FNDA:12,ownerAddToAllowlist
FNDA:0,ownerRemoveFromAllowlist
FNDA:0,ownerWithdrawContractBalance
FNDA:3,ownerUpdateWalletLimit
FNDA:17,ownerSetNewTokenOwner
FNDA:2008,_isOwnerManaged
DA:54,132
DA:55,132
DA:58,132
DA:59,132
DA:60,132
DA:63,132
DA:64,132
DA:66,132
DA:67,132
DA:70,132
DA:73,132
DA:82,906
DA:85,904
DA:86,103
DA:90,901
DA:96,16
DA:99,16
DA:102,14
DA:105,13
DA:108,13
DA:110,10
DA:117,911
DA:120,910
DA:123,907
DA:127,906
DA:128,905
DA:132,906
DA:133,906
DA:134,896
DA:136,10
DA:144,132
DA:147,132
DA:148,924
DA:149,924
DA:150,924
DA:153,132
DA:154,132
DA:163,1993
DA:166,1993
DA:169,1991
DA:170,1074
DA:173,1990
DA:184,15
DA:189,10
DA:191,10
DA:192,5
DA:194,5
DA:196,0
DA:201,2715
DA:205,1
DA:209,8
DA:214,1
DA:219,0
DA:224,917
DA:230,2
DA:235,1
DA:243,108
DA:244,101
DA:250,19
DA:251,17
DA:256,5
DA:261,2
DA:266,38
DA:271,38
DA:276,3
DA:281,0
DA:286,0
DA:291,12
DA:296,0
DA:303,0
DA:304,0
DA:307,0
DA:310,0
DA:316,3
DA:327,17
DA:330,17
DA:333,17
DA:335,8
DA:336,8
DA:341,17
DA:347,2008
DA:348,1091
LF:82
LH:73
BRDA:82,1,0,904
BRDA:82,1,1,2
BRDA:85,2,0,103
BRDA:85,2,1,801
BRDA:86,3,0,100
BRDA:86,3,1,3
BRDA:96,4,0,16
BRDA:96,4,1,0
BRDA:99,5,0,14
BRDA:99,5,1,2
BRDA:102,6,0,13
BRDA:102,6,1,1
BRDA:105,7,0,13
BRDA:105,7,1,0
BRDA:108,8,0,10
BRDA:108,8,1,3
BRDA:117,9,0,910
BRDA:117,9,1,1
BRDA:120,10,0,907
BRDA:120,10,1,3
BRDA:123,11,0,906
BRDA:123,11,1,1
BRDA:133,12,0,896
BRDA:133,12,1,10
BRDA:144,13,0,132
BRDA:144,13,1,0
BRDA:163,14,0,1993
BRDA:163,14,1,0
BRDA:166,15,0,1991
BRDA:166,15,1,2
BRDA:169,16,0,1074
BRDA:169,16,1,917
BRDA:170,17,0,1073
BRDA:170,17,1,1
BRDA:189,18,0,10
BRDA:189,18,1,0
BRDA:191,19,0,5
BRDA:191,19,1,5
BRDA:193,20,0,5
BRDA:193,20,1,0
BRDA:194,21,0,5
BRDA:194,21,1,0
BRDA:196,22,0,0
BRDA:196,22,1,0
BRDA:243,23,0,101
BRDA:243,23,1,7
BRDA:250,24,0,17
BRDA:250,24,1,2
BRDA:255,25,0,5
BRDA:255,25,1,0
BRDA:260,26,0,2
BRDA:260,26,1,0
BRDA:265,27,0,38
BRDA:265,27,1,2
BRDA:270,28,0,38
BRDA:270,28,1,0
BRDA:275,29,0,3
BRDA:275,29,1,4
BRDA:280,30,0,0
BRDA:280,30,1,0
BRDA:285,31,0,0
BRDA:285,31,1,0
BRDA:290,32,0,12
BRDA:290,32,1,0
BRDA:295,33,0,0
BRDA:295,33,1,0
BRDA:301,34,0,0
BRDA:301,34,1,1
BRDA:304,35,0,0
BRDA:304,35,1,0
BRDA:310,36,0,0
BRDA:310,36,1,0
BRDA:315,37,0,3
BRDA:315,37,1,0
BRDA:324,38,0,17
BRDA:324,38,1,2
BRDA:327,39,0,17
BRDA:327,39,1,0
BRDA:333,40,0,8
BRDA:333,40,1,9
BRDA:347,41,0,1091
BRDA:347,41,1,917
BRDA:347,42,0,959
BRDA:347,42,1,132
BRF:84
BRH:58
end_of_record
