{"contracts/MutantAureliusAurei.sol":{"l":{"43":129,"44":129,"47":129,"48":129,"49":129,"52":129,"53":129,"55":129,"56":129,"59":129,"62":129,"70":906,"73":904,"74":103,"79":901,"85":16,"88":16,"91":14,"95":13,"100":12,"102":10,"108":911,"112":910,"115":907,"119":906,"120":905,"124":906,"125":906,"126":896,"128":10,"136":129,"139":129,"140":903,"141":903,"142":903,"145":129,"146":129,"155":1969,"158":1969,"161":1967,"162":1050,"165":1966,"176":13,"181":8,"183":8,"184":3,"186":5,"188":0,"193":2715,"197":1,"201":8,"206":1,"211":0,"216":917,"222":1,"227":1,"235":100,"236":95,"242":19,"243":17,"247":5,"252":37,"257":37,"262":1,"267":0,"272":0,"277":12,"282":0,"289":0,"290":0,"293":0,"296":0,"302":3,"313":17,"317":17,"320":17,"322":8,"323":8,"328":17,"334":1984,"335":1067},"path":"/Users/holmes/nfts/aurei-final/aurei-contracts/contracts/MutantAureliusAurei.sol","s":{"1":129,"2":906,"3":904,"4":103,"5":901,"6":16,"7":16,"8":14,"9":13,"10":12,"11":10,"12":911,"13":910,"14":907,"15":906,"16":905,"17":906,"18":906,"19":896,"20":10,"21":129,"22":129,"23":903,"24":903,"25":903,"26":129,"27":129,"28":1969,"29":1969,"30":1967,"31":1050,"32":1966,"33":13,"34":8,"35":8,"36":3,"37":5,"38":5,"39":0,"40":2715,"41":1,"42":8,"43":1,"44":0,"45":917,"46":1,"47":1,"48":100,"49":19,"50":0,"51":0,"52":0,"53":0,"54":17,"55":17,"56":17,"57":8,"58":8,"59":17,"60":1984,"61":1067,"62":917},"b":{"1":[904,2],"2":[103,801],"3":[100,3],"4":[16,0],"5":[14,2],"6":[13,1],"7":[12,1],"8":[10,2],"9":[910,1],"10":[907,3],"11":[906,1],"12":[896,10],"13":[129,0],"14":[1969,0],"15":[1967,2],"16":[1050,917],"17":[1049,1],"18":[8,0],"19":[3,5],"20":[5,0],"21":[5,0],"22":[0,0],"23":[95,5],"24":[17,2],"25":[5,0],"26":[37,2],"27":[37,0],"28":[1,2],"29":[0,0],"30":[0,0],"31":[12,0],"32":[0,0],"33":[0,1],"34":[0,0],"35":[0,0],"36":[3,0],"37":[17,2],"38":[17,0],"39":[8,9],"40":[1067,917],"41":[938,129]},"f":{"1":129,"2":906,"3":16,"4":911,"5":129,"6":1969,"7":13,"8":8,"9":2715,"10":1,"11":8,"12":1,"13":0,"14":917,"15":1,"16":1,"17":100,"18":19,"19":5,"20":37,"21":37,"22":1,"23":0,"24":0,"25":12,"26":0,"27":0,"28":3,"29":17,"30":1984},"fnMap":{"1":{"name":"constructor","line":40,"loc":{"start":{"line":40,"column":4},"end":{"line":64,"column":4}}},"2":{"name":"mint","line":67,"loc":{"start":{"line":67,"column":4},"end":{"line":80,"column":4}}},"3":{"name":"mintFavorite","line":83,"loc":{"start":{"line":83,"column":4},"end":{"line":103,"column":4}}},"4":{"name":"_mintAureiWithChecks","line":106,"loc":{"start":{"line":106,"column":4},"end":{"line":131,"column":4}}},"5":{"name":"_mintOwnerManaged","line":134,"loc":{"start":{"line":134,"column":4},"end":{"line":147,"column":4}}},"6":{"name":"_beforeTokenTransfer","line":152,"loc":{"start":{"line":152,"column":4},"end":{"line":167,"column":4}}},"7":{"name":"_baseURI","line":175,"loc":{"start":{"line":175,"column":4},"end":{"line":177,"column":4}}},"8":{"name":"tokenURI","line":180,"loc":{"start":{"line":180,"column":4},"end":{"line":190,"column":4}}},"9":{"name":"getIndexedAureiCount","line":192,"loc":{"start":{"line":192,"column":4},"end":{"line":194,"column":4}}},"10":{"name":"getContractIsPaused","line":196,"loc":{"start":{"line":196,"column":4},"end":{"line":198,"column":4}}},"11":{"name":"getIssuedMementoCount","line":200,"loc":{"start":{"line":200,"column":4},"end":{"line":202,"column":4}}},"12":{"name":"isOnShitlist","line":205,"loc":{"start":{"line":205,"column":4},"end":{"line":207,"column":4}}},"13":{"name":"isOnExtendedOwnerList","line":210,"loc":{"start":{"line":210,"column":4},"end":{"line":212,"column":4}}},"14":{"name":"getTotalAureiMinted","line":215,"loc":{"start":{"line":215,"column":4},"end":{"line":217,"column":4}}},"15":{"name":"owner","line":221,"loc":{"start":{"line":221,"column":4},"end":{"line":223,"column":4}}},"16":{"name":"totalSupply","line":226,"loc":{"start":{"line":226,"column":4},"end":{"line":228,"column":4}}},"17":{"name":"ownerOnlyACL","line":234,"loc":{"start":{"line":234,"column":4},"end":{"line":237,"column":4}}},"18":{"name":"extendedOwnerOnlyACL","line":240,"loc":{"start":{"line":240,"column":4},"end":{"line":244,"column":4}}},"19":{"name":"updateExtendedOwnerList","line":246,"loc":{"start":{"line":246,"column":4},"end":{"line":248,"column":4}}},"20":{"name":"ownerSetPausedState","line":251,"loc":{"start":{"line":251,"column":4},"end":{"line":253,"column":4}}},"21":{"name":"ownerSetAllowlistActive","line":256,"loc":{"start":{"line":256,"column":4},"end":{"line":258,"column":4}}},"22":{"name":"ownerSetBaseTokenURI","line":261,"loc":{"start":{"line":261,"column":4},"end":{"line":263,"column":4}}},"23":{"name":"ownerAddToShitlist","line":266,"loc":{"start":{"line":266,"column":4},"end":{"line":268,"column":4}}},"24":{"name":"ownerRemoveFromShitlist","line":271,"loc":{"start":{"line":271,"column":4},"end":{"line":273,"column":4}}},"25":{"name":"ownerAddToAllowlist","line":276,"loc":{"start":{"line":276,"column":4},"end":{"line":278,"column":4}}},"26":{"name":"ownerRemoveFromAllowlist","line":281,"loc":{"start":{"line":281,"column":4},"end":{"line":283,"column":4}}},"27":{"name":"ownerWithdrawContractBalance","line":287,"loc":{"start":{"line":287,"column":4},"end":{"line":298,"column":4}}},"28":{"name":"ownerUpdateWalletLimit","line":301,"loc":{"start":{"line":301,"column":4},"end":{"line":303,"column":4}}},"29":{"name":"ownerSetNewTokenOwner","line":310,"loc":{"start":{"line":310,"column":4},"end":{"line":330,"column":4}}},"30":{"name":"_isOwnerManaged","line":332,"loc":{"start":{"line":332,"column":4},"end":{"line":337,"column":4}}}},"statementMap":{"1":{"start":{"line":59,"column":8},"end":{"line":59,"column":26}},"2":{"start":{"line":70,"column":8},"end":{"line":70,"column":42}},"3":{"start":{"line":73,"column":8},"end":{"line":73,"column":2905}},"4":{"start":{"line":74,"column":12},"end":{"line":74,"column":77}},"5":{"start":{"line":79,"column":8},"end":{"line":79,"column":42}},"6":{"start":{"line":85,"column":8},"end":{"line":85,"column":42}},"7":{"start":{"line":88,"column":8},"end":{"line":88,"column":105}},"8":{"start":{"line":91,"column":8},"end":{"line":91,"column":73}},"9":{"start":{"line":95,"column":8},"end":{"line":95,"column":80}},"10":{"start":{"line":100,"column":8},"end":{"line":100,"column":105}},"11":{"start":{"line":102,"column":8},"end":{"line":102,"column":48}},"12":{"start":{"line":108,"column":8},"end":{"line":108,"column":105}},"13":{"start":{"line":112,"column":8},"end":{"line":112,"column":113}},"14":{"start":{"line":115,"column":8},"end":{"line":115,"column":63}},"15":{"start":{"line":119,"column":8},"end":{"line":119,"column":5175}},"16":{"start":{"line":120,"column":12},"end":{"line":120,"column":40}},"17":{"start":{"line":124,"column":8},"end":{"line":124,"column":36}},"18":{"start":{"line":125,"column":8},"end":{"line":125,"column":5412}},"19":{"start":{"line":126,"column":12},"end":{"line":126,"column":54}},"20":{"start":{"line":128,"column":12},"end":{"line":128,"column":39}},"21":{"start":{"line":136,"column":8},"end":{"line":136,"column":42}},"22":{"start":{"line":139,"column":8},"end":{"line":139,"column":5909}},"23":{"start":{"line":140,"column":12},"end":{"line":140,"column":40}},"24":{"start":{"line":141,"column":12},"end":{"line":141,"column":40}},"25":{"start":{"line":142,"column":12},"end":{"line":142,"column":35}},"26":{"start":{"line":145,"column":8},"end":{"line":145,"column":36}},"27":{"start":{"line":146,"column":8},"end":{"line":146,"column":32}},"28":{"start":{"line":155,"column":8},"end":{"line":155,"column":42}},"29":{"start":{"line":158,"column":8},"end":{"line":158,"column":53}},"30":{"start":{"line":161,"column":8},"end":{"line":161,"column":6879}},"31":{"start":{"line":162,"column":12},"end":{"line":162,"column":126}},"32":{"start":{"line":165,"column":8},"end":{"line":165,"column":52}},"33":{"start":{"line":176,"column":8},"end":{"line":176,"column":28}},"34":{"start":{"line":181,"column":8},"end":{"line":181,"column":60}},"35":{"start":{"line":183,"column":8},"end":{"line":183,"column":7892}},"36":{"start":{"line":184,"column":12},"end":{"line":184,"column":42}},"37":{"start":{"line":185,"column":15},"end":{"line":185,"column":7973}},"38":{"start":{"line":186,"column":12},"end":{"line":186,"column":102}},"39":{"start":{"line":188,"column":12},"end":{"line":188,"column":64}},"40":{"start":{"line":193,"column":8},"end":{"line":193,"column":42}},"41":{"start":{"line":197,"column":8},"end":{"line":197,"column":32}},"42":{"start":{"line":201,"column":8},"end":{"line":201,"column":47}},"43":{"start":{"line":206,"column":8},"end":{"line":206,"column":43}},"44":{"start":{"line":211,"column":8},"end":{"line":211,"column":52}},"45":{"start":{"line":216,"column":8},"end":{"line":216,"column":42}},"46":{"start":{"line":222,"column":8},"end":{"line":222,"column":28}},"47":{"start":{"line":227,"column":8},"end":{"line":227,"column":18}},"48":{"start":{"line":235,"column":8},"end":{"line":235,"column":97}},"49":{"start":{"line":242,"column":8},"end":{"line":242,"column":108}},"50":{"start":{"line":289,"column":8},"end":{"line":289,"column":47}},"51":{"start":{"line":290,"column":8},"end":{"line":290,"column":96}},"52":{"start":{"line":293,"column":8},"end":{"line":293,"column":70}},"53":{"start":{"line":296,"column":8},"end":{"line":296,"column":72}},"54":{"start":{"line":313,"column":8},"end":{"line":313,"column":111}},"55":{"start":{"line":317,"column":8},"end":{"line":317,"column":47}},"56":{"start":{"line":320,"column":8},"end":{"line":320,"column":13453}},"57":{"start":{"line":322,"column":12},"end":{"line":322,"column":45}},"58":{"start":{"line":323,"column":12},"end":{"line":323,"column":74}},"59":{"start":{"line":328,"column":8},"end":{"line":328,"column":49}},"60":{"start":{"line":334,"column":8},"end":{"line":334,"column":14024}},"61":{"start":{"line":335,"column":12},"end":{"line":335,"column":23}},"62":{"start":{"line":336,"column":15},"end":{"line":336,"column":27}}},"branchMap":{"1":{"line":70,"type":"if","locations":[{"start":{"line":70,"column":8},"end":{"line":70,"column":8}},{"start":{"line":70,"column":8},"end":{"line":70,"column":8}}]},"2":{"line":73,"type":"if","locations":[{"start":{"line":73,"column":8},"end":{"line":73,"column":8}},{"start":{"line":73,"column":8},"end":{"line":73,"column":8}}]},"3":{"line":74,"type":"if","locations":[{"start":{"line":74,"column":12},"end":{"line":74,"column":12}},{"start":{"line":74,"column":12},"end":{"line":74,"column":12}}]},"4":{"line":85,"type":"if","locations":[{"start":{"line":85,"column":8},"end":{"line":85,"column":8}},{"start":{"line":85,"column":8},"end":{"line":85,"column":8}}]},"5":{"line":88,"type":"if","locations":[{"start":{"line":88,"column":8},"end":{"line":88,"column":8}},{"start":{"line":88,"column":8},"end":{"line":88,"column":8}}]},"6":{"line":91,"type":"if","locations":[{"start":{"line":91,"column":8},"end":{"line":91,"column":8}},{"start":{"line":91,"column":8},"end":{"line":91,"column":8}}]},"7":{"line":95,"type":"if","locations":[{"start":{"line":95,"column":8},"end":{"line":95,"column":8}},{"start":{"line":95,"column":8},"end":{"line":95,"column":8}}]},"8":{"line":100,"type":"if","locations":[{"start":{"line":100,"column":8},"end":{"line":100,"column":8}},{"start":{"line":100,"column":8},"end":{"line":100,"column":8}}]},"9":{"line":108,"type":"if","locations":[{"start":{"line":108,"column":8},"end":{"line":108,"column":8}},{"start":{"line":108,"column":8},"end":{"line":108,"column":8}}]},"10":{"line":112,"type":"if","locations":[{"start":{"line":112,"column":8},"end":{"line":112,"column":8}},{"start":{"line":112,"column":8},"end":{"line":112,"column":8}}]},"11":{"line":115,"type":"if","locations":[{"start":{"line":115,"column":8},"end":{"line":115,"column":8}},{"start":{"line":115,"column":8},"end":{"line":115,"column":8}}]},"12":{"line":125,"type":"if","locations":[{"start":{"line":125,"column":8},"end":{"line":125,"column":8}},{"start":{"line":125,"column":8},"end":{"line":125,"column":8}}]},"13":{"line":136,"type":"if","locations":[{"start":{"line":136,"column":8},"end":{"line":136,"column":8}},{"start":{"line":136,"column":8},"end":{"line":136,"column":8}}]},"14":{"line":155,"type":"if","locations":[{"start":{"line":155,"column":8},"end":{"line":155,"column":8}},{"start":{"line":155,"column":8},"end":{"line":155,"column":8}}]},"15":{"line":158,"type":"if","locations":[{"start":{"line":158,"column":8},"end":{"line":158,"column":8}},{"start":{"line":158,"column":8},"end":{"line":158,"column":8}}]},"16":{"line":161,"type":"if","locations":[{"start":{"line":161,"column":8},"end":{"line":161,"column":8}},{"start":{"line":161,"column":8},"end":{"line":161,"column":8}}]},"17":{"line":162,"type":"if","locations":[{"start":{"line":162,"column":12},"end":{"line":162,"column":12}},{"start":{"line":162,"column":12},"end":{"line":162,"column":12}}]},"18":{"line":181,"type":"if","locations":[{"start":{"line":181,"column":8},"end":{"line":181,"column":8}},{"start":{"line":181,"column":8},"end":{"line":181,"column":8}}]},"19":{"line":183,"type":"if","locations":[{"start":{"line":183,"column":8},"end":{"line":183,"column":8}},{"start":{"line":183,"column":8},"end":{"line":183,"column":8}}]},"20":{"line":185,"type":"if","locations":[{"start":{"line":185,"column":15},"end":{"line":185,"column":15}},{"start":{"line":185,"column":15},"end":{"line":185,"column":15}}]},"21":{"line":186,"type":"if","locations":[{"start":{"line":186,"column":50},"end":{"line":186,"column":96}},{"start":{"line":186,"column":100},"end":{"line":186,"column":101}}]},"22":{"line":188,"type":"if","locations":[{"start":{"line":188,"column":12},"end":{"line":188,"column":12}},{"start":{"line":188,"column":12},"end":{"line":188,"column":12}}]},"23":{"line":235,"type":"if","locations":[{"start":{"line":235,"column":8},"end":{"line":235,"column":8}},{"start":{"line":235,"column":8},"end":{"line":235,"column":8}}]},"24":{"line":242,"type":"if","locations":[{"start":{"line":242,"column":8},"end":{"line":242,"column":8}},{"start":{"line":242,"column":8},"end":{"line":242,"column":8}}]},"25":{"line":246,"type":"if","locations":[{"start":{"line":246,"column":97},"end":{"line":246,"column":97}},{"start":{"line":246,"column":97},"end":{"line":246,"column":97}}]},"26":{"line":251,"type":"if","locations":[{"start":{"line":251,"column":63},"end":{"line":251,"column":63}},{"start":{"line":251,"column":63},"end":{"line":251,"column":63}}]},"27":{"line":256,"type":"if","locations":[{"start":{"line":256,"column":73},"end":{"line":256,"column":73}},{"start":{"line":256,"column":73},"end":{"line":256,"column":73}}]},"28":{"line":261,"type":"if","locations":[{"start":{"line":261,"column":72},"end":{"line":261,"column":72}},{"start":{"line":261,"column":72},"end":{"line":261,"column":72}}]},"29":{"line":266,"type":"if","locations":[{"start":{"line":266,"column":63},"end":{"line":266,"column":63}},{"start":{"line":266,"column":63},"end":{"line":266,"column":63}}]},"30":{"line":271,"type":"if","locations":[{"start":{"line":271,"column":68},"end":{"line":271,"column":68}},{"start":{"line":271,"column":68},"end":{"line":271,"column":68}}]},"31":{"line":276,"type":"if","locations":[{"start":{"line":276,"column":63},"end":{"line":276,"column":63}},{"start":{"line":276,"column":63},"end":{"line":276,"column":63}}]},"32":{"line":281,"type":"if","locations":[{"start":{"line":281,"column":68},"end":{"line":281,"column":68}},{"start":{"line":281,"column":68},"end":{"line":281,"column":68}}]},"33":{"line":287,"type":"if","locations":[{"start":{"line":287,"column":51},"end":{"line":287,"column":51}},{"start":{"line":287,"column":51},"end":{"line":287,"column":51}}]},"34":{"line":290,"type":"if","locations":[{"start":{"line":290,"column":8},"end":{"line":290,"column":8}},{"start":{"line":290,"column":8},"end":{"line":290,"column":8}}]},"35":{"line":296,"type":"if","locations":[{"start":{"line":296,"column":8},"end":{"line":296,"column":8}},{"start":{"line":296,"column":8},"end":{"line":296,"column":8}}]},"36":{"line":301,"type":"if","locations":[{"start":{"line":301,"column":62},"end":{"line":301,"column":62}},{"start":{"line":301,"column":62},"end":{"line":301,"column":62}}]},"37":{"line":310,"type":"if","locations":[{"start":{"line":310,"column":77},"end":{"line":310,"column":77}},{"start":{"line":310,"column":77},"end":{"line":310,"column":77}}]},"38":{"line":313,"type":"if","locations":[{"start":{"line":313,"column":8},"end":{"line":313,"column":8}},{"start":{"line":313,"column":8},"end":{"line":313,"column":8}}]},"39":{"line":320,"type":"if","locations":[{"start":{"line":320,"column":8},"end":{"line":320,"column":8}},{"start":{"line":320,"column":8},"end":{"line":320,"column":8}}]},"40":{"line":334,"type":"if","locations":[{"start":{"line":334,"column":8},"end":{"line":334,"column":8}},{"start":{"line":334,"column":8},"end":{"line":334,"column":8}}]},"41":{"line":334,"type":"cond-expr","locations":[{"start":{"line":334,"column":12},"end":{"line":334,"column":62}},{"start":{"line":334,"column":67},"end":{"line":334,"column":80}}]}}}}