{"contracts/MutantAureliusAurei.sol":{"l":{"54":132,"55":132,"58":132,"59":132,"60":132,"63":132,"64":132,"66":132,"67":132,"70":132,"73":132,"82":906,"85":904,"86":103,"90":901,"96":16,"99":16,"102":14,"105":13,"108":13,"110":10,"117":911,"120":910,"123":907,"127":906,"128":905,"132":906,"133":906,"134":896,"136":10,"144":132,"147":132,"148":924,"149":924,"150":924,"153":132,"154":132,"163":1993,"166":1993,"169":1991,"170":1074,"173":1990,"184":15,"189":10,"191":10,"192":5,"194":5,"196":0,"201":2715,"205":1,"209":8,"214":1,"219":0,"224":917,"230":2,"235":1,"243":108,"244":101,"250":19,"251":17,"256":5,"261":2,"266":38,"271":38,"276":3,"281":0,"286":0,"291":12,"296":0,"303":0,"304":0,"307":0,"310":0,"316":3,"327":17,"330":17,"333":17,"335":8,"336":8,"341":17,"347":2008,"348":1091},"path":"/Users/holmes/nfts/aurei-final/aurei-contracts/contracts/MutantAureliusAurei.sol","s":{"1":132,"2":906,"3":904,"4":103,"5":901,"6":16,"7":16,"8":14,"9":13,"10":13,"11":10,"12":911,"13":910,"14":907,"15":906,"16":905,"17":906,"18":906,"19":896,"20":10,"21":132,"22":132,"23":924,"24":924,"25":924,"26":132,"27":132,"28":1993,"29":1993,"30":1991,"31":1074,"32":1990,"33":15,"34":10,"35":10,"36":5,"37":5,"38":5,"39":0,"40":2715,"41":1,"42":8,"43":1,"44":0,"45":917,"46":2,"47":1,"48":108,"49":19,"50":0,"51":0,"52":0,"53":0,"54":17,"55":17,"56":17,"57":8,"58":8,"59":17,"60":2008,"61":1091,"62":917},"b":{"1":[904,2],"2":[103,801],"3":[100,3],"4":[16,0],"5":[14,2],"6":[13,1],"7":[13,0],"8":[10,3],"9":[910,1],"10":[907,3],"11":[906,1],"12":[896,10],"13":[132,0],"14":[1993,0],"15":[1991,2],"16":[1074,917],"17":[1073,1],"18":[10,0],"19":[5,5],"20":[5,0],"21":[5,0],"22":[0,0],"23":[101,7],"24":[17,2],"25":[5,0],"26":[2,0],"27":[38,2],"28":[38,0],"29":[3,4],"30":[0,0],"31":[0,0],"32":[12,0],"33":[0,0],"34":[0,1],"35":[0,0],"36":[0,0],"37":[3,0],"38":[17,2],"39":[17,0],"40":[8,9],"41":[1091,917],"42":[959,132]},"f":{"1":132,"2":906,"3":16,"4":911,"5":132,"6":1993,"7":15,"8":10,"9":2715,"10":1,"11":8,"12":1,"13":0,"14":917,"15":2,"16":1,"17":108,"18":19,"19":5,"20":2,"21":38,"22":38,"23":3,"24":0,"25":0,"26":12,"27":0,"28":0,"29":3,"30":17,"31":2008},"fnMap":{"1":{"name":"constructor","line":52,"loc":{"start":{"line":52,"column":4},"end":{"line":75,"column":4}}},"2":{"name":"mint","line":79,"loc":{"start":{"line":79,"column":4},"end":{"line":91,"column":4}}},"3":{"name":"mintFavorite","line":94,"loc":{"start":{"line":94,"column":4},"end":{"line":111,"column":4}}},"4":{"name":"_mintAureiWithChecks","line":114,"loc":{"start":{"line":114,"column":4},"end":{"line":139,"column":4}}},"5":{"name":"_mintOwnerManaged","line":142,"loc":{"start":{"line":142,"column":4},"end":{"line":155,"column":4}}},"6":{"name":"_beforeTokenTransfer","line":160,"loc":{"start":{"line":160,"column":4},"end":{"line":175,"column":4}}},"7":{"name":"_baseURI","line":183,"loc":{"start":{"line":183,"column":4},"end":{"line":185,"column":4}}},"8":{"name":"tokenURI","line":188,"loc":{"start":{"line":188,"column":4},"end":{"line":198,"column":4}}},"9":{"name":"getIndexedAureiCount","line":200,"loc":{"start":{"line":200,"column":4},"end":{"line":202,"column":4}}},"10":{"name":"getContractIsPaused","line":204,"loc":{"start":{"line":204,"column":4},"end":{"line":206,"column":4}}},"11":{"name":"getIssuedMementoCount","line":208,"loc":{"start":{"line":208,"column":4},"end":{"line":210,"column":4}}},"12":{"name":"isOnShitlist","line":213,"loc":{"start":{"line":213,"column":4},"end":{"line":215,"column":4}}},"13":{"name":"isOnExtendedOwnerList","line":218,"loc":{"start":{"line":218,"column":4},"end":{"line":220,"column":4}}},"14":{"name":"getTotalAureiMinted","line":223,"loc":{"start":{"line":223,"column":4},"end":{"line":225,"column":4}}},"15":{"name":"owner","line":229,"loc":{"start":{"line":229,"column":4},"end":{"line":231,"column":4}}},"16":{"name":"totalSupply","line":234,"loc":{"start":{"line":234,"column":4},"end":{"line":236,"column":4}}},"17":{"name":"ownerOnlyACL","line":242,"loc":{"start":{"line":242,"column":4},"end":{"line":245,"column":4}}},"18":{"name":"extendedOwnerOnlyACL","line":248,"loc":{"start":{"line":248,"column":4},"end":{"line":252,"column":4}}},"19":{"name":"updateExtendedOwnerList","line":255,"loc":{"start":{"line":255,"column":4},"end":{"line":257,"column":4}}},"20":{"name":"updateOwner","line":260,"loc":{"start":{"line":260,"column":4},"end":{"line":262,"column":4}}},"21":{"name":"ownerSetPausedState","line":265,"loc":{"start":{"line":265,"column":4},"end":{"line":267,"column":4}}},"22":{"name":"ownerSetAllowlistActive","line":270,"loc":{"start":{"line":270,"column":4},"end":{"line":272,"column":4}}},"23":{"name":"ownerSetBaseTokenURI","line":275,"loc":{"start":{"line":275,"column":4},"end":{"line":277,"column":4}}},"24":{"name":"ownerAddToShitlist","line":280,"loc":{"start":{"line":280,"column":4},"end":{"line":282,"column":4}}},"25":{"name":"ownerRemoveFromShitlist","line":285,"loc":{"start":{"line":285,"column":4},"end":{"line":287,"column":4}}},"26":{"name":"ownerAddToAllowlist","line":290,"loc":{"start":{"line":290,"column":4},"end":{"line":292,"column":4}}},"27":{"name":"ownerRemoveFromAllowlist","line":295,"loc":{"start":{"line":295,"column":4},"end":{"line":297,"column":4}}},"28":{"name":"ownerWithdrawContractBalance","line":301,"loc":{"start":{"line":301,"column":4},"end":{"line":312,"column":4}}},"29":{"name":"ownerUpdateWalletLimit","line":315,"loc":{"start":{"line":315,"column":4},"end":{"line":317,"column":4}}},"30":{"name":"ownerSetNewTokenOwner","line":324,"loc":{"start":{"line":324,"column":4},"end":{"line":343,"column":4}}},"31":{"name":"_isOwnerManaged","line":345,"loc":{"start":{"line":345,"column":4},"end":{"line":350,"column":4}}}},"statementMap":{"1":{"start":{"line":70,"column":8},"end":{"line":70,"column":26}},"2":{"start":{"line":82,"column":8},"end":{"line":82,"column":42}},"3":{"start":{"line":85,"column":8},"end":{"line":85,"column":3420}},"4":{"start":{"line":86,"column":12},"end":{"line":86,"column":77}},"5":{"start":{"line":90,"column":8},"end":{"line":90,"column":42}},"6":{"start":{"line":96,"column":8},"end":{"line":96,"column":42}},"7":{"start":{"line":99,"column":8},"end":{"line":99,"column":105}},"8":{"start":{"line":102,"column":8},"end":{"line":102,"column":73}},"9":{"start":{"line":105,"column":8},"end":{"line":105,"column":81}},"10":{"start":{"line":108,"column":8},"end":{"line":108,"column":105}},"11":{"start":{"line":110,"column":8},"end":{"line":110,"column":48}},"12":{"start":{"line":117,"column":8},"end":{"line":117,"column":105}},"13":{"start":{"line":120,"column":8},"end":{"line":120,"column":94}},"14":{"start":{"line":123,"column":8},"end":{"line":123,"column":63}},"15":{"start":{"line":127,"column":8},"end":{"line":127,"column":5421}},"16":{"start":{"line":128,"column":12},"end":{"line":128,"column":40}},"17":{"start":{"line":132,"column":8},"end":{"line":132,"column":36}},"18":{"start":{"line":133,"column":8},"end":{"line":133,"column":5658}},"19":{"start":{"line":134,"column":12},"end":{"line":134,"column":54}},"20":{"start":{"line":136,"column":12},"end":{"line":136,"column":39}},"21":{"start":{"line":144,"column":8},"end":{"line":144,"column":42}},"22":{"start":{"line":147,"column":8},"end":{"line":147,"column":6155}},"23":{"start":{"line":148,"column":12},"end":{"line":148,"column":40}},"24":{"start":{"line":149,"column":12},"end":{"line":149,"column":40}},"25":{"start":{"line":150,"column":12},"end":{"line":150,"column":35}},"26":{"start":{"line":153,"column":8},"end":{"line":153,"column":36}},"27":{"start":{"line":154,"column":8},"end":{"line":154,"column":32}},"28":{"start":{"line":163,"column":8},"end":{"line":163,"column":42}},"29":{"start":{"line":166,"column":8},"end":{"line":166,"column":53}},"30":{"start":{"line":169,"column":8},"end":{"line":169,"column":7125}},"31":{"start":{"line":170,"column":12},"end":{"line":170,"column":126}},"32":{"start":{"line":173,"column":8},"end":{"line":173,"column":52}},"33":{"start":{"line":184,"column":8},"end":{"line":184,"column":28}},"34":{"start":{"line":189,"column":8},"end":{"line":189,"column":60}},"35":{"start":{"line":191,"column":8},"end":{"line":191,"column":8138}},"36":{"start":{"line":192,"column":12},"end":{"line":192,"column":42}},"37":{"start":{"line":193,"column":15},"end":{"line":193,"column":8219}},"38":{"start":{"line":194,"column":12},"end":{"line":194,"column":102}},"39":{"start":{"line":196,"column":12},"end":{"line":196,"column":64}},"40":{"start":{"line":201,"column":8},"end":{"line":201,"column":42}},"41":{"start":{"line":205,"column":8},"end":{"line":205,"column":32}},"42":{"start":{"line":209,"column":8},"end":{"line":209,"column":47}},"43":{"start":{"line":214,"column":8},"end":{"line":214,"column":43}},"44":{"start":{"line":219,"column":8},"end":{"line":219,"column":52}},"45":{"start":{"line":224,"column":8},"end":{"line":224,"column":42}},"46":{"start":{"line":230,"column":8},"end":{"line":230,"column":28}},"47":{"start":{"line":235,"column":8},"end":{"line":235,"column":18}},"48":{"start":{"line":243,"column":8},"end":{"line":243,"column":97}},"49":{"start":{"line":250,"column":8},"end":{"line":250,"column":108}},"50":{"start":{"line":303,"column":8},"end":{"line":303,"column":47}},"51":{"start":{"line":304,"column":8},"end":{"line":304,"column":85}},"52":{"start":{"line":307,"column":8},"end":{"line":307,"column":70}},"53":{"start":{"line":310,"column":8},"end":{"line":310,"column":61}},"54":{"start":{"line":327,"column":8},"end":{"line":327,"column":93}},"55":{"start":{"line":330,"column":8},"end":{"line":330,"column":47}},"56":{"start":{"line":333,"column":8},"end":{"line":333,"column":13828}},"57":{"start":{"line":335,"column":12},"end":{"line":335,"column":45}},"58":{"start":{"line":336,"column":12},"end":{"line":336,"column":74}},"59":{"start":{"line":341,"column":8},"end":{"line":341,"column":49}},"60":{"start":{"line":347,"column":8},"end":{"line":347,"column":14399}},"61":{"start":{"line":348,"column":12},"end":{"line":348,"column":23}},"62":{"start":{"line":349,"column":15},"end":{"line":349,"column":27}}},"branchMap":{"1":{"line":82,"type":"if","locations":[{"start":{"line":82,"column":8},"end":{"line":82,"column":8}},{"start":{"line":82,"column":8},"end":{"line":82,"column":8}}]},"2":{"line":85,"type":"if","locations":[{"start":{"line":85,"column":8},"end":{"line":85,"column":8}},{"start":{"line":85,"column":8},"end":{"line":85,"column":8}}]},"3":{"line":86,"type":"if","locations":[{"start":{"line":86,"column":12},"end":{"line":86,"column":12}},{"start":{"line":86,"column":12},"end":{"line":86,"column":12}}]},"4":{"line":96,"type":"if","locations":[{"start":{"line":96,"column":8},"end":{"line":96,"column":8}},{"start":{"line":96,"column":8},"end":{"line":96,"column":8}}]},"5":{"line":99,"type":"if","locations":[{"start":{"line":99,"column":8},"end":{"line":99,"column":8}},{"start":{"line":99,"column":8},"end":{"line":99,"column":8}}]},"6":{"line":102,"type":"if","locations":[{"start":{"line":102,"column":8},"end":{"line":102,"column":8}},{"start":{"line":102,"column":8},"end":{"line":102,"column":8}}]},"7":{"line":105,"type":"if","locations":[{"start":{"line":105,"column":8},"end":{"line":105,"column":8}},{"start":{"line":105,"column":8},"end":{"line":105,"column":8}}]},"8":{"line":108,"type":"if","locations":[{"start":{"line":108,"column":8},"end":{"line":108,"column":8}},{"start":{"line":108,"column":8},"end":{"line":108,"column":8}}]},"9":{"line":117,"type":"if","locations":[{"start":{"line":117,"column":8},"end":{"line":117,"column":8}},{"start":{"line":117,"column":8},"end":{"line":117,"column":8}}]},"10":{"line":120,"type":"if","locations":[{"start":{"line":120,"column":8},"end":{"line":120,"column":8}},{"start":{"line":120,"column":8},"end":{"line":120,"column":8}}]},"11":{"line":123,"type":"if","locations":[{"start":{"line":123,"column":8},"end":{"line":123,"column":8}},{"start":{"line":123,"column":8},"end":{"line":123,"column":8}}]},"12":{"line":133,"type":"if","locations":[{"start":{"line":133,"column":8},"end":{"line":133,"column":8}},{"start":{"line":133,"column":8},"end":{"line":133,"column":8}}]},"13":{"line":144,"type":"if","locations":[{"start":{"line":144,"column":8},"end":{"line":144,"column":8}},{"start":{"line":144,"column":8},"end":{"line":144,"column":8}}]},"14":{"line":163,"type":"if","locations":[{"start":{"line":163,"column":8},"end":{"line":163,"column":8}},{"start":{"line":163,"column":8},"end":{"line":163,"column":8}}]},"15":{"line":166,"type":"if","locations":[{"start":{"line":166,"column":8},"end":{"line":166,"column":8}},{"start":{"line":166,"column":8},"end":{"line":166,"column":8}}]},"16":{"line":169,"type":"if","locations":[{"start":{"line":169,"column":8},"end":{"line":169,"column":8}},{"start":{"line":169,"column":8},"end":{"line":169,"column":8}}]},"17":{"line":170,"type":"if","locations":[{"start":{"line":170,"column":12},"end":{"line":170,"column":12}},{"start":{"line":170,"column":12},"end":{"line":170,"column":12}}]},"18":{"line":189,"type":"if","locations":[{"start":{"line":189,"column":8},"end":{"line":189,"column":8}},{"start":{"line":189,"column":8},"end":{"line":189,"column":8}}]},"19":{"line":191,"type":"if","locations":[{"start":{"line":191,"column":8},"end":{"line":191,"column":8}},{"start":{"line":191,"column":8},"end":{"line":191,"column":8}}]},"20":{"line":193,"type":"if","locations":[{"start":{"line":193,"column":15},"end":{"line":193,"column":15}},{"start":{"line":193,"column":15},"end":{"line":193,"column":15}}]},"21":{"line":194,"type":"if","locations":[{"start":{"line":194,"column":50},"end":{"line":194,"column":96}},{"start":{"line":194,"column":100},"end":{"line":194,"column":101}}]},"22":{"line":196,"type":"if","locations":[{"start":{"line":196,"column":12},"end":{"line":196,"column":12}},{"start":{"line":196,"column":12},"end":{"line":196,"column":12}}]},"23":{"line":243,"type":"if","locations":[{"start":{"line":243,"column":8},"end":{"line":243,"column":8}},{"start":{"line":243,"column":8},"end":{"line":243,"column":8}}]},"24":{"line":250,"type":"if","locations":[{"start":{"line":250,"column":8},"end":{"line":250,"column":8}},{"start":{"line":250,"column":8},"end":{"line":250,"column":8}}]},"25":{"line":255,"type":"if","locations":[{"start":{"line":255,"column":97},"end":{"line":255,"column":97}},{"start":{"line":255,"column":97},"end":{"line":255,"column":97}}]},"26":{"line":260,"type":"if","locations":[{"start":{"line":260,"column":58},"end":{"line":260,"column":58}},{"start":{"line":260,"column":58},"end":{"line":260,"column":58}}]},"27":{"line":265,"type":"if","locations":[{"start":{"line":265,"column":63},"end":{"line":265,"column":63}},{"start":{"line":265,"column":63},"end":{"line":265,"column":63}}]},"28":{"line":270,"type":"if","locations":[{"start":{"line":270,"column":73},"end":{"line":270,"column":73}},{"start":{"line":270,"column":73},"end":{"line":270,"column":73}}]},"29":{"line":275,"type":"if","locations":[{"start":{"line":275,"column":72},"end":{"line":275,"column":72}},{"start":{"line":275,"column":72},"end":{"line":275,"column":72}}]},"30":{"line":280,"type":"if","locations":[{"start":{"line":280,"column":63},"end":{"line":280,"column":63}},{"start":{"line":280,"column":63},"end":{"line":280,"column":63}}]},"31":{"line":285,"type":"if","locations":[{"start":{"line":285,"column":68},"end":{"line":285,"column":68}},{"start":{"line":285,"column":68},"end":{"line":285,"column":68}}]},"32":{"line":290,"type":"if","locations":[{"start":{"line":290,"column":63},"end":{"line":290,"column":63}},{"start":{"line":290,"column":63},"end":{"line":290,"column":63}}]},"33":{"line":295,"type":"if","locations":[{"start":{"line":295,"column":68},"end":{"line":295,"column":68}},{"start":{"line":295,"column":68},"end":{"line":295,"column":68}}]},"34":{"line":301,"type":"if","locations":[{"start":{"line":301,"column":51},"end":{"line":301,"column":51}},{"start":{"line":301,"column":51},"end":{"line":301,"column":51}}]},"35":{"line":304,"type":"if","locations":[{"start":{"line":304,"column":8},"end":{"line":304,"column":8}},{"start":{"line":304,"column":8},"end":{"line":304,"column":8}}]},"36":{"line":310,"type":"if","locations":[{"start":{"line":310,"column":8},"end":{"line":310,"column":8}},{"start":{"line":310,"column":8},"end":{"line":310,"column":8}}]},"37":{"line":315,"type":"if","locations":[{"start":{"line":315,"column":62},"end":{"line":315,"column":62}},{"start":{"line":315,"column":62},"end":{"line":315,"column":62}}]},"38":{"line":324,"type":"if","locations":[{"start":{"line":324,"column":77},"end":{"line":324,"column":77}},{"start":{"line":324,"column":77},"end":{"line":324,"column":77}}]},"39":{"line":327,"type":"if","locations":[{"start":{"line":327,"column":8},"end":{"line":327,"column":8}},{"start":{"line":327,"column":8},"end":{"line":327,"column":8}}]},"40":{"line":333,"type":"if","locations":[{"start":{"line":333,"column":8},"end":{"line":333,"column":8}},{"start":{"line":333,"column":8},"end":{"line":333,"column":8}}]},"41":{"line":347,"type":"if","locations":[{"start":{"line":347,"column":8},"end":{"line":347,"column":8}},{"start":{"line":347,"column":8},"end":{"line":347,"column":8}}]},"42":{"line":347,"type":"cond-expr","locations":[{"start":{"line":347,"column":12},"end":{"line":347,"column":62}},{"start":{"line":347,"column":67},"end":{"line":347,"column":80}}]}}}}